In file included from ../lib/kerberos.cc:1:
../lib/kerberos.h:34:48: error: unknown type name 'Arguments'; did you mean 'v8::internal::Arguments'?
  static Handle<Value> AuthGSSClientInit(const Arguments &args);
                                               ^~~~~~~~~
                                               v8::internal::Arguments
/Users/didin/.node-gyp/6.9.4/include/node/v8.h:147:7: note: 'v8::internal::Arguments' declared here
class Arguments;
      ^
In file included from ../lib/kerberos.cc:1:
../lib/kerberos.h:35:48: error: unknown type name 'Arguments'; did you mean 'v8::internal::Arguments'?
  static Handle<Value> AuthGSSClientStep(const Arguments &args);
                                               ^~~~~~~~~
                                               v8::internal::Arguments
/Users/didin/.node-gyp/6.9.4/include/node/v8.h:147:7: note: 'v8::internal::Arguments' declared here
class Arguments;
      ^
In file included from ../lib/kerberos.cc:1:
../lib/kerberos.h:36:50: error: unknown type name 'Arguments'; did you mean 'v8::internal::Arguments'?
  static Handle<Value> AuthGSSClientUnwrap(const Arguments &args);
                                                 ^~~~~~~~~
                                                 v8::internal::Arguments
/Users/didin/.node-gyp/6.9.4/include/node/v8.h:147:7: note: 'v8::internal::Arguments' declared here
class Arguments;
      ^
In file included from ../lib/kerberos.cc:1:
../lib/kerberos.h:37:48: error: unknown type name 'Arguments'; did you mean 'v8::internal::Arguments'?
  static Handle<Value> AuthGSSClientWrap(const Arguments &args);
                                               ^~~~~~~~~
                                               v8::internal::Arguments
/Users/didin/.node-gyp/6.9.4/include/node/v8.h:147:7: note: 'v8::internal::Arguments' declared here
class Arguments;
      ^
In file included from ../lib/kerberos.cc:1:
../lib/kerberos.h:38:49: error: unknown type name 'Arguments'; did you mean 'v8::internal::Arguments'?
  static Handle<Value> AuthGSSClientClean(const Arguments &args);
                                                ^~~~~~~~~
                                                v8::internal::Arguments
/Users/didin/.node-gyp/6.9.4/include/node/v8.h:147:7: note: 'v8::internal::Arguments' declared here
class Arguments;
      ^
In file included from ../lib/kerberos.cc:1:
../lib/kerberos.h:41:34: error: unknown type name 'Arguments'; did you mean 'v8::internal::Arguments'?
  static Handle<Value> New(const Arguments &args);  
                                 ^~~~~~~~~
                                 v8::internal::Arguments
/Users/didin/.node-gyp/6.9.4/include/node/v8.h:147:7: note: 'v8::internal::Arguments' declared here
class Arguments;
      ^
In file included from ../lib/kerberos.cc:1:
../lib/kerberos.h:44:23: error: unknown type name 'uv_work_t'
  static void Process(uv_work_t* work_req);
                      ^
../lib/kerberos.h:46:21: error: unknown type name 'uv_work_t'
  static void After(uv_work_t* work_req);
                    ^
In file included from ../lib/kerberos.cc:4:
../lib/worker.h:17:5: error: unknown type name 'uv_work_t'
    uv_work_t request;
    ^
In file included from ../lib/kerberos.cc:5:
../lib/kerberos_context.h:44:34: error: unknown type name 'Arguments'; did you mean 'v8::internal::Arguments'?
  static Handle<Value> New(const Arguments &args);  
                                 ^~~~~~~~~
                                 v8::internal::Arguments
/Users/didin/.node-gyp/6.9.4/include/node/v8.h:147:7: note: 'v8::internal::Arguments' declared here
class Arguments;
      ^
In file included from ../lib/kerberos.cc:5:
../lib/kerberos_context.h:46:69: error: unknown type name 'AccessorInfo'
  static Handle<Value> ResponseGetter(Local<String> property, const AccessorInfo& info);  
                                                                    ^
../lib/kerberos_context.h:28:32: error: member reference type 'Persistent<v8::FunctionTemplate>' is not a pointer; did you mean to use '.'?
    return constructor_template->HasInstance(obj);
           ~~~~~~~~~~~~~~~~~~~~^~
                               .
../lib/kerberos_context.h:28:34: error: no member named 'HasInstance' in 'v8::Persistent<v8::FunctionTemplate, v8::NonCopyablePersistentTraits<v8::FunctionTemplate> >'
    return constructor_template->HasInstance(obj);
           ~~~~~~~~~~~~~~~~~~~~  ^
../lib/kerberos.cc:51:15: error: calling a protected constructor of class 'v8::HandleScope'
  HandleScope scope;
              ^
/Users/didin/.node-gyp/6.9.4/include/node/v8.h:915:13: note: declared protected here
  V8_INLINE HandleScope() {}
            ^
../lib/kerberos.cc:52:50: error: no member named 'New' in 'v8::String'
  return ThrowException(Exception::Error(String::New(msg)));
                                         ~~~~~~~~^
../lib/kerberos.cc:60:15: error: calling a protected constructor of class 'v8::HandleScope'
  HandleScope scope;
              ^
/Users/didin/.node-gyp/6.9.4/include/node/v8.h:915:13: note: declared protected here
  V8_INLINE HandleScope() {}
            ^
../lib/kerberos.cc:62:31: error: no matching function for call to 'New'
  Local<FunctionTemplate> t = FunctionTemplate::New(Kerberos::New);
                              ^~~~~~~~~~~~~~~~~~~~~
/Users/didin/.node-gyp/6.9.4/include/node/v8.h:4483:34: note: candidate function not viable: no known conversion from 'Handle<v8::Value> (const v8::internal::Arguments &)' (aka 'v8::Local<v8::Value> (const v8::internal::Arguments &)') to 'v8::Isolate *' for 1st argument
  static Local<FunctionTemplate> New(
                                 ^
/Users/didin/.node-gyp/6.9.4/include/node/v8.h:4487:34: note: candidate function not viable: requires 6 arguments, but 1 was provided
  static Local<FunctionTemplate> New(
                                 ^
../lib/kerberos.cc:63:56: error: 'New' is a private member of 'v8::PersistentBase<v8::FunctionTemplate>'
  constructor_template = Persistent<FunctionTemplate>::New(t);
                                                       ^
/Users/didin/.node-gyp/6.9.4/include/node/v8.h:669:23: note: declared private here
  V8_INLINE static T* New(Isolate* isolate, T* that);
                      ^
../lib/kerberos.cc:63:26: error: too few arguments to function call, expected 2, have 1; did you mean '::Kerberos::New'?
  constructor_template = Persistent<FunctionTemplate>::New(t);
                         ^~~~~~~~~~
                         ::Kerberos::New
../lib/kerberos.h:41:24: note: '::Kerberos::New' declared here
  static Handle<Value> New(const Arguments &args);  
                       ^
fatal error: too many errors emitted, stopping now [-ferror-limit=]
20 errors generated.
make: *** [Release/obj.target/kerberos/lib/kerberos.o] Error 1
gyp ERR! build error 
gyp ERR! stack Error: `make` failed with exit code: 2
gyp ERR! stack     at ChildProcess.onExit (/usr/local/lib/node_modules/npm/node_modules/node-gyp/lib/build.js:276:23)
gyp ERR! stack     at emitTwo (events.js:106:13)
gyp ERR! stack     at ChildProcess.emit (events.js:191:7)
gyp ERR! stack     at Process.ChildProcess._handle.onexit (internal/child_process.js:215:12)
gyp ERR! System Darwin 15.6.0
gyp ERR! command "/usr/local/bin/node" "/usr/local/lib/node_modules/npm/node_modules/node-gyp/bin/node-gyp.js" "rebuild"
gyp ERR! cwd /Users/didin/Documents/NodeApps/node-passport-auth/node_modules/kerberos
gyp ERR! node -v v6.9.4
gyp ERR! node-gyp -v v3.4.0
gyp ERR! not ok 
